host: bc4login1
Building DAG of jobs...
Using shell: /usr/bin/bash
Provided cores: 1 (use --cores to define parallelism)
Rules claiming more threads will be scaled down.
Job stats:
job                 count
----------------  -------
process_articles        1
total                   1

Select jobs to execute...
Execute 1 jobs...

[Mon Dec  2 02:53:55 2024]
localrule process_articles:
    input: data/pmids.xml
    output: processed_data/processed_articles.tsv
    jobid: 0
    reason: Forced execution
    resources: tmpdir=/tmp

[Mon Dec  2 02:54:37 2024]
Finished job 0.
1 of 1 steps (100%) done
Complete log: .snakemake/log/2024-12-02T025355.025610.snakemake.log
