host: bc4login1
Building DAG of jobs...
Using shell: /usr/bin/bash
Provided cores: 1 (use --cores to define parallelism)
Rules claiming more threads will be scaled down.
Job stats:
job                  count
-----------------  -------
download_articles        1
total                    1

Select jobs to execute...
Execute 1 jobs...

[Mon Dec  2 04:03:55 2024]
localrule download_articles:
    jobid: 0
    reason: Rules with neither input nor output files are always executed.
    resources: tmpdir=/tmp

[Mon Dec  2 04:03:55 2024]
Error in rule download_articles:
    jobid: 0
    shell:
        
        srun --wait scripts/download_data.sh
        
        (one of the commands exited with non-zero exit code; note that snakemake uses bash strict mode!)

Shutting down, this might take some time.
Exiting because a job execution failed. Look above for error message
Complete log: .snakemake/log/2024-12-02T040355.028801.snakemake.log
WorkflowError:
At least one job did not complete successfully.
