host: bc4login1
Building DAG of jobs...
Using shell: /usr/bin/bash
Provided cores: 1 (use --cores to define parallelism)
Rules claiming more threads will be scaled down.
Job stats:
job               count
--------------  -------
process_titles        1
total                 1

Select jobs to execute...
Execute 1 jobs...

[Mon Dec  2 02:58:19 2024]
localrule process_titles:
    input: processed_data/processed_articles.tsv
    output: processed_data/processed_titles_cleaned.tsv
    jobid: 0
    reason: Forced execution
    resources: tmpdir=/tmp

[Mon Dec  2 02:59:01 2024]
Error in rule process_titles:
    jobid: 0
    input: processed_data/processed_articles.tsv
    output: processed_data/processed_titles_cleaned.tsv
    shell:
        
        sbatch --wait scripts/process_titles.sh
        
        (one of the commands exited with non-zero exit code; note that snakemake uses bash strict mode!)

Shutting down, this might take some time.
Exiting because a job execution failed. Look above for error message
Complete log: .snakemake/log/2024-12-02T025819.323771.snakemake.log
WorkflowError:
At least one job did not complete successfully.
