host: bc4login1
Building DAG of jobs...
Using shell: /usr/bin/bash
Provided cores: 1 (use --cores to define parallelism)
Rules claiming more threads will be scaled down.
Job stats:
job                   count
------------------  -------
data_visualisation        1
total                     1

Select jobs to execute...
Execute 1 jobs...

[Mon Dec  2 03:15:17 2024]
localrule data_visualisation:
    input: processed_data/processed_titles_cleaned.tsv
    output: results/word_sentiment_trends_plot.png
    jobid: 0
    reason: Forced execution
    resources: tmpdir=/tmp

[Mon Dec  2 03:15:27 2024]
Finished job 0.
1 of 1 steps (100%) done
Complete log: .snakemake/log/2024-12-02T031517.610152.snakemake.log
