host: bc4login1
Building DAG of jobs...
Using shell: /usr/bin/bash
Provided cores: 1 (use --cores to define parallelism)
Rules claiming more threads will be scaled down.
Job stats:
job                       count
----------------------  -------
retry_failed_downloads        1
total                         1

Select jobs to execute...
Execute 1 jobs...

[Sun Dec  1 08:19:23 2024]
localrule retry_failed_downloads:
    input: logs/download_data_10845920.log
    output: data/articles
    jobid: 0
    reason: Missing output files: data/articles
    resources: tmpdir=/tmp

[Sun Dec  1 08:19:34 2024]
Error in rule retry_failed_downloads:
    jobid: 0
    input: logs/download_data_10845920.log
    output: data/articles
    shell:
        
        srun scripts/retry-download-data-job.sh
        
        (one of the commands exited with non-zero exit code; note that snakemake uses bash strict mode!)

Shutting down, this might take some time.
Exiting because a job execution failed. Look above for error message
Complete log: .snakemake/log/2024-12-01T081923.295747.snakemake.log
WorkflowError:
At least one job did not complete successfully.
