host: bc4login1
Building DAG of jobs...
Using shell: /usr/bin/bash
Provided cores: 1 (use --cores to define parallelism)
Rules claiming more threads will be scaled down.
Job stats:
job                  count
-----------------  -------
download_articles        1
total                    1

Select jobs to execute...
Execute 1 jobs...

[Mon Dec  2 02:15:15 2024]
localrule download_articles:
    output: logs/download_data.log, logs/download_data.err
    jobid: 0
    reason: Missing output files: logs/download_data.err, logs/download_data.log
    resources: tmpdir=/tmp

[Mon Dec  2 02:15:15 2024]
Error in rule download_articles:
    jobid: 0
    output: logs/download_data.log, logs/download_data.err
    shell:
        
        srun --wait scripts/download_data.sh
        
        (one of the commands exited with non-zero exit code; note that snakemake uses bash strict mode!)

Shutting down, this might take some time.
Exiting because a job execution failed. Look above for error message
Complete log: .snakemake/log/2024-12-02T021515.184640.snakemake.log
WorkflowError:
At least one job did not complete successfully.
