-- Attaching core tidyverse packages ------------------------ tidyverse 2.0.0 --
v dplyr     1.1.4     v readr     2.1.5
v forcats   1.0.0     v stringr   1.5.1
v ggplot2   3.5.1     v tibble    3.2.1
v lubridate 1.9.3     v tidyr     1.3.1
v purrr     1.0.2     
-- Conflicts ------------------------------------------ tidyverse_conflicts() --
x dplyr::filter() masks stats::filter()
x dplyr::lag()    masks stats::lag()
i Use the conflicted package (<http://conflicted.r-lib.org/>) to force all conflicts to become errors
Rows: 58275 Columns: 4
-- Column specification --------------------------------------------------------
Delimiter: "\t"
chr (1): word
dbl (3): PMID, Year, n

i Use `spec()` to retrieve the full column specification for this data.
i Specify the column types or set `show_col_types = FALSE` to quiet this message.
Warning message:
In inner_join(., sentiments, by = "word") :
  Detected an unexpected many-to-many relationship between `x` and `y`.
i Row 100 of `x` matches multiple rows in `y`.
i Row 9108 of `y` matches multiple rows in `x`.
i If a many-to-many relationship is expected, set `relationship =
  "many-to-many"` to silence this warning.
